#
# A fatal error has been detected by the Java Runtime Environment:
#
#  EXCEPTION_ACCESS_VIOLATION (0xc0000005) at pc=0x00007ffaadbb2212, pid=6152, tid=17292
#
# JRE version: OpenJDK Runtime Environment (17.0.6) (build 17.0.6+0-b2043.56-9586694)
# Java VM: OpenJDK 64-Bit Server VM (17.0.6+0-b2043.56-9586694, mixed mode, tiered, compressed oops, compressed class ptrs, g1 gc, windows-amd64)
# Problematic frame:
# V  [jvm.dll+0x232212]
#
# No core dump will be written. Minidumps are not enabled by default on client versions of Windows
#
# If you would like to submit a bug report, please visit:
#   https://bugreport.java.com/bugreport/crash.jsp
#

---------------  S U M M A R Y ------------

Command Line: --add-opens=java.base/java.util=ALL-UNNAMED --add-opens=java.base/java.lang=ALL-UNNAMED --add-opens=java.base/java.lang.invoke=ALL-UNNAMED --add-opens=java.prefs/java.util.prefs=ALL-UNNAMED --add-opens=java.base/java.nio.charset=ALL-UNNAMED --add-opens=java.base/java.net=ALL-UNNAMED --add-opens=java.base/java.util.concurrent.atomic=ALL-UNNAMED -Xmx2048m -Dfile.encoding=UTF-8 -Duser.country=IN -Duser.language=en -Duser.variant org.gradle.launcher.daemon.bootstrap.GradleDaemon 8.0

Host: Intel(R) Core(TM) i7-8650U CPU @ 1.90GHz, 8 cores, 15G,  Windows 11 , 64 bit Build 22621 (10.0.22621.1928)
Time: Mon Jul 17 12:00:05 2023 India Standard Time elapsed time: 2.932659 seconds (0d 0h 0m 2s)

---------------  T H R E A D  ---------------

Current thread (0x000001d877cc5360):  JavaThread "Sweeper thread" daemon [_thread_in_vm, id=17292, stack(0x0000008a15900000,0x0000008a15a00000)]

Stack: [0x0000008a15900000,0x0000008a15a00000],  sp=0x0000008a159ff520,  free space=1021k
Native frames: (J=compiled Java code, j=interpreted, Vv=VM code, C=native code)
V  [jvm.dll+0x232212]
V  [jvm.dll+0x231f9b]
V  [jvm.dll+0x7ae2db]
V  [jvm.dll+0x7ae6a2]
V  [jvm.dll+0x7aedf3]
V  [jvm.dll+0x7f809c]
V  [jvm.dll+0x7f25fa]
V  [jvm.dll+0x682985]
C  [ucrtbase.dll+0x29363]
C  [KERNEL32.DLL+0x126ad]
C  [ntdll.dll+0x5aa68]


siginfo: EXCEPTION_ACCESS_VIOLATION (0xc0000005), reading address 0x0000000000008000


Register to memory mapping:

RIP=0x00007ffaadbb2212 jvm.dll
RAX=0x0000000000008000 is an unknown value
RBX=0x0000000000008000 is an unknown value
RCX=0x0 is NULL
RDX=0x0 is NULL
RSP=0x0000008a159ff520 is pointing into the stack for thread: 0x000001d877cc5360
RBP=0x0000008a159ff5c9 is pointing into the stack for thread: 0x000001d877cc5360
RSI=0x0 is NULL
RDI=0x0 is NULL
R8 =0x0000008a159ff501 is pointing into the stack for thread: 0x000001d877cc5360
R9 =0x0000000000000048 is an unknown value
R10=0x00007ffaad980000 jvm.dll
R11=0x0 is NULL
R12=0x0 is NULL
R13=0x000001d877ca6600 points into unknown readable memory: 0x00013b3e00000002 | 02 00 00 00 3e 3b 01 00
R14=0x000001d868586d10 is at entry_point+-432 in (nmethod*)0x000001d868586d10
R15=0x000001d868586d00 points into unknown readable memory: 0x0000000000000016 | 16 00 00 00 00 00 00 00


Registers:
RAX=0x0000000000008000, RBX=0x0000000000008000, RCX=0x0000000000000000, RDX=0x0000000000000000
RSP=0x0000008a159ff520, RBP=0x0000008a159ff5c9, RSI=0x0000000000000000, RDI=0x0000000000000000
R8 =0x0000008a159ff501, R9 =0x0000000000000048, R10=0x00007ffaad980000, R11=0x0000000000000000
R12=0x0000000000000000, R13=0x000001d877ca6600, R14=0x000001d868586d10, R15=0x000001d868586d00
RIP=0x00007ffaadbb2212, EFLAGS=0x0000000000010206

Top of Stack: (sp=0x0000008a159ff520)
0x0000008a159ff520:   0000000000000000 0000008a159ff5c9
0x0000008a159ff530:   0000000000000000 0000000000000000
0x0000008a159ff540:   000001d877cc5c90 000001d877cc6068
0x0000008a159ff550:   0000000000000000 000001d868586e9e
0x0000008a159ff560:   000001d868586ea8 000001d868586d10
0x0000008a159ff570:   000001d868587560 00000000000005dc
0x0000008a159ff580:   000001d868586e9a 0000000000000000
0x0000008a159ff590:   000001d868586ec0 000001d868586ec0
0x0000008a159ff5a0:   000001d868587560 000001d868586ec0
0x0000008a159ff5b0:   000001d868587560 000001d868587588
0x0000008a159ff5c0:   00007ffaae2c7ba0 0000008a159ff550
0x0000008a159ff5d0:   0000008a0000000c 0000000000000000
0x0000008a159ff5e0:   0000000000000000 0000000000000000
0x0000008a159ff5f0:   000001d868586d10 0000000000000002
0x0000008a159ff600:   0000000000000000 0000000000000000
0x0000008a159ff610:   000001d868586d10 0000000000000000 

Instructions: (pc=0x00007ffaadbb2212)
0x00007ffaadbb2112:   7d 07 48 8d 4d 87 e8 83 14 4a 00 45 32 ff 48 8d
0x00007ffaadbb2122:   1d 79 5a 71 00 b9 00 f0 00 00 0f 1f 40 00 48 8b
0x00007ffaadbb2132:   45 8f 48 83 c0 02 48 89 45 8f 48 3b 45 97 0f 84
0x00007ffaadbb2142:   51 03 00 00 66 89 7d bf 0f b7 00 66 23 c1 66 3b
0x00007ffaadbb2152:   c1 75 09 48 8d 4d 87 e8 62 0e 4a 00 48 8b 45 8f
0x00007ffaadbb2162:   0f b7 10 48 8b 45 87 81 e2 ff 03 00 00 48 03 55
0x00007ffaadbb2172:   a7 48 89 55 a7 48 85 c0 74 09 48 3b d0 0f 83 12
0x00007ffaadbb2182:   03 00 00 48 8b 45 8f 0f b7 08 c1 e9 0c 83 e9 02
0x00007ffaadbb2192:   0f 84 ba 01 00 00 83 e9 01 0f 84 75 01 00 00 83
0x00007ffaadbb21a2:   e9 01 0f 84 c5 00 00 00 83 e9 01 0f 84 b4 00 00
0x00007ffaadbb21b2:   00 83 f9 07 b9 00 f0 00 00 0f 85 6f ff ff ff 45
0x00007ffaadbb21c2:   84 ff 0f 84 66 ff ff ff 49 8b 06 49 8b ce 45 32
0x00007ffaadbb21d2:   ff ff 90 20 02 00 00 84 c0 0f 85 2e 01 00 00 48
0x00007ffaadbb21e2:   8d 45 87 c7 45 07 0c 00 00 00 48 8d 4d f7 48 89
0x00007ffaadbb21f2:   45 ff 48 89 5d f7 e8 63 27 4a 00 48 8d 4d f7 e8
0x00007ffaadbb2202:   9a 15 4a 00 48 8b d8 48 85 c0 0f 84 fd 00 00 00
0x00007ffaadbb2212:   48 8b 10 48 8b c8 ff 52 10 84 c0 0f 84 ec 00 00
0x00007ffaadbb2222:   00 48 8b 43 08 48 8b 48 08 48 8b 49 18 48 8b 89
0x00007ffaadbb2232:   98 00 00 00 e8 15 5d fc ff 84 c0 0f 85 cc 00 00
0x00007ffaadbb2242:   00 48 8d 4d f7 e8 34 15 4a 00 48 89 38 83 7d 0f
0x00007ffaadbb2252:   00 0f 84 b6 00 00 00 48 8d 4d f7 e8 9e 11 4a 00
0x00007ffaadbb2262:   e9 b9 fe ff ff 41 b7 01 e9 b8 fe ff ff 49 8b 1e
0x00007ffaadbb2272:   48 8d 4d 87 e8 d5 1b 4a 00 48 8b d0 49 8b ce ff
0x00007ffaadbb2282:   93 08 02 00 00 48 8b c8 48 8b f0 48 8b 10 ff 12
0x00007ffaadbb2292:   48 8b c8 e8 56 42 fd ff 48 8b f8 48 85 c0 74 69
0x00007ffaadbb22a2:   48 8b 10 48 8b c8 ff 52 58 33 db 84 c0 48 0f 45
0x00007ffaadbb22b2:   df 48 85 db 74 53 45 84 e4 75 2d 48 8b 03 48 8b
0x00007ffaadbb22c2:   cb ff 90 c0 00 00 00 84 c0 74 1d 48 8b 03 48 8b
0x00007ffaadbb22d2:   cb ff 90 20 02 00 00 84 c0 75 0d 48 8b 43 70 48
0x00007ffaadbb22e2:   8b 40 58 48 3b c3 74 21 49 8b 06 49 8b ce ff 90
0x00007ffaadbb22f2:   20 02 00 00 84 c0 48 8b ce 0f 94 c2 e8 4d f0 ff
0x00007ffaadbb2302:   ff 84 c0 0f 84 88 01 00 00 0f b6 75 6f 33 ff e9 


Stack slot to memory mapping:
stack at sp + 0 slots: 0x0 is NULL
stack at sp + 1 slots: 0x0000008a159ff5c9 is pointing into the stack for thread: 0x000001d877cc5360
stack at sp + 2 slots: 0x0 is NULL
stack at sp + 3 slots: 0x0 is NULL
stack at sp + 4 slots: 0x000001d877cc5c90 points into unknown readable memory: 0x000001d877cc5cb0 | b0 5c cc 77 d8 01 00 00
stack at sp + 5 slots: 0x000001d877cc6068 points into unknown readable memory: 0x88000200e1a57b2b | 2b 7b a5 e1 00 02 00 88
stack at sp + 6 slots: 0x0 is NULL
stack at sp + 7 slots: 0x000001d868586e9e is at entry_point+-34 in (nmethod*)0x000001d868586d10


---------------  P R O C E S S  ---------------

Threads class SMR info:
_java_thread_list=0x000001d87afaf740, length=37, elements={
0x000001d85d47a2b0, 0x000001d877c5c3e0, 0x000001d877c5d6b0, 0x000001d877ca4020,
0x000001d877ca68f0, 0x000001d877ca71b0, 0x000001d877ca7a70, 0x000001d877cb03f0,
0x000001d877cb42a0, 0x000001d877cc5360, 0x000001d877e2c7f0, 0x000001d877e2ecd0,
0x000001d877ff7680, 0x000001d87836f9d0, 0x000001d87a6fd480, 0x000001d879659c60,
0x000001d8796de080, 0x000001d878eedb20, 0x000001d878a760d0, 0x000001d87a17fe80,
0x000001d87a180760, 0x000001d8796e1af0, 0x000001d8796df470, 0x000001d8796e0c80,
0x000001d8796e02e0, 0x000001d8796e1fc0, 0x000001d8796dfe10, 0x000001d8796e07b0,
0x000001d8796df940, 0x000001d8796e1620, 0x000001d8796e1150, 0x000001d8796de600,
0x000001d8796dead0, 0x000001d8796defa0, 0x000001d87d546de0, 0x000001d87d54b140,
0x000001d87d54c950
}

Java Threads: ( => current thread )
  0x000001d85d47a2b0 JavaThread "main" [_thread_blocked, id=8128, stack(0x0000008a14a00000,0x0000008a14b00000)]
  0x000001d877c5c3e0 JavaThread "Reference Handler" daemon [_thread_blocked, id=8540, stack(0x0000008a15100000,0x0000008a15200000)]
  0x000001d877c5d6b0 JavaThread "Finalizer" daemon [_thread_blocked, id=8252, stack(0x0000008a15200000,0x0000008a15300000)]
  0x000001d877ca4020 JavaThread "Signal Dispatcher" daemon [_thread_blocked, id=15224, stack(0x0000008a15300000,0x0000008a15400000)]
  0x000001d877ca68f0 JavaThread "Attach Listener" daemon [_thread_blocked, id=10956, stack(0x0000008a15400000,0x0000008a15500000)]
  0x000001d877ca71b0 JavaThread "Service Thread" daemon [_thread_blocked, id=11348, stack(0x0000008a15500000,0x0000008a15600000)]
  0x000001d877ca7a70 JavaThread "Monitor Deflation Thread" daemon [_thread_blocked, id=16620, stack(0x0000008a15600000,0x0000008a15700000)]
  0x000001d877cb03f0 JavaThread "C2 CompilerThread0" daemon [_thread_blocked, id=14868, stack(0x0000008a15700000,0x0000008a15800000)]
  0x000001d877cb42a0 JavaThread "C1 CompilerThread0" daemon [_thread_blocked, id=16732, stack(0x0000008a15800000,0x0000008a15900000)]
=>0x000001d877cc5360 JavaThread "Sweeper thread" daemon [_thread_in_vm, id=17292, stack(0x0000008a15900000,0x0000008a15a00000)]
  0x000001d877e2c7f0 JavaThread "Common-Cleaner" daemon [_thread_blocked, id=5368, stack(0x0000008a15a00000,0x0000008a15b00000)]
  0x000001d877e2ecd0 JavaThread "Notification Thread" daemon [_thread_blocked, id=15588, stack(0x0000008a15b00000,0x0000008a15c00000)]
  0x000001d877ff7680 JavaThread "C2 CompilerThread1" daemon [_thread_blocked, id=13904, stack(0x0000008a15d00000,0x0000008a15e00000)]
  0x000001d87836f9d0 JavaThread "C2 CompilerThread2" daemon [_thread_in_native, id=15900, stack(0x0000008a15e00000,0x0000008a15f00000)]
  0x000001d87a6fd480 JavaThread "Daemon health stats" [_thread_blocked, id=11484, stack(0x0000008a16400000,0x0000008a16500000)]
  0x000001d879659c60 JavaThread "Incoming local TCP Connector on port 64759" [_thread_in_native, id=5480, stack(0x0000008a16500000,0x0000008a16600000)]
  0x000001d8796de080 JavaThread "Daemon periodic checks" [_thread_blocked, id=3964, stack(0x0000008a16600000,0x0000008a16700000)]
  0x000001d878eedb20 JavaThread "Daemon" [_thread_blocked, id=16376, stack(0x0000008a16700000,0x0000008a16800000)]
  0x000001d878a760d0 JavaThread "Handler for socket connection from /127.0.0.1:64759 to /127.0.0.1:64760" [_thread_in_native, id=11860, stack(0x0000008a16800000,0x0000008a16900000)]
  0x000001d87a17fe80 JavaThread "Cancel handler" [_thread_blocked, id=4004, stack(0x0000008a16900000,0x0000008a16a00000)]
  0x000001d87a180760 JavaThread "Daemon worker" [_thread_in_vm, id=12832, stack(0x0000008a16a00000,0x0000008a16b00000)]
  0x000001d8796e1af0 JavaThread "Asynchronous log dispatcher for DefaultDaemonConnection: socket connection from /127.0.0.1:64759 to /127.0.0.1:64760" [_thread_blocked, id=13948, stack(0x0000008a16b00000,0x0000008a16c00000)]
  0x000001d8796df470 JavaThread "Stdin handler" [_thread_blocked, id=15084, stack(0x0000008a16c00000,0x0000008a16d00000)]
  0x000001d8796e0c80 JavaThread "Daemon client event forwarder" [_thread_blocked, id=7556, stack(0x0000008a16d00000,0x0000008a16e00000)]
  0x000001d8796e02e0 JavaThread "Cache worker for journal cache (C:\Users\dev\.gradle\caches\journal-1)" [_thread_blocked, id=8628, stack(0x0000008a17100000,0x0000008a17200000)]
  0x000001d8796e1fc0 JavaThread "File lock request listener" [_thread_in_native, id=920, stack(0x0000008a17200000,0x0000008a17300000)]
  0x000001d8796dfe10 JavaThread "Cache worker for file hash cache (C:\Users\dev\.gradle\caches\8.0\fileHashes)" [_thread_blocked, id=16348, stack(0x0000008a17300000,0x0000008a17400000)]
  0x000001d8796e07b0 JavaThread "File watcher server" daemon [_thread_in_native, id=15200, stack(0x0000008a17400000,0x0000008a17500000)]
  0x000001d8796df940 JavaThread "File watcher consumer" daemon [_thread_blocked, id=10736, stack(0x0000008a17500000,0x0000008a17600000)]
  0x000001d8796e1620 JavaThread "jar transforms" [_thread_blocked, id=612, stack(0x0000008a17600000,0x0000008a17700000)]
  0x000001d8796e1150 JavaThread "jar transforms Thread 2" [_thread_blocked, id=16160, stack(0x0000008a17700000,0x0000008a17800000)]
  0x000001d8796de600 JavaThread "jar transforms Thread 3" [_thread_blocked, id=12784, stack(0x0000008a17800000,0x0000008a17900000)]
  0x000001d8796dead0 JavaThread "jar transforms Thread 4" [_thread_blocked, id=13376, stack(0x0000008a17900000,0x0000008a17a00000)]
  0x000001d8796defa0 JavaThread "jar transforms Thread 5" [_thread_blocked, id=14476, stack(0x0000008a17a00000,0x0000008a17b00000)]
  0x000001d87d546de0 JavaThread "jar transforms Thread 6" [_thread_blocked, id=12608, stack(0x0000008a17b00000,0x0000008a17c00000)]
  0x000001d87d54b140 JavaThread "jar transforms Thread 7" [_thread_blocked, id=3272, stack(0x0000008a17c00000,0x0000008a17d00000)]
  0x000001d87d54c950 JavaThread "jar transforms Thread 8" [_thread_blocked, id=2928, stack(0x0000008a17d00000,0x0000008a17e00000)]

Other Threads:
  0x000001d8772eecd0 VMThread "VM Thread" [stack: 0x0000008a15000000,0x0000008a15100000] [id=16264]
  0x000001d877e284c0 WatcherThread [stack: 0x0000008a15c00000,0x0000008a15d00000] [id=11608]
  0x000001d85d4d50a0 GCTaskThread "GC Thread#0" [stack: 0x0000008a14b00000,0x0000008a14c00000] [id=10468]
  0x000001d878c77230 GCTaskThread "GC Thread#1" [stack: 0x0000008a15f00000,0x0000008a16000000] [id=15680]
  0x000001d878c7f610 GCTaskThread "GC Thread#2" [stack: 0x0000008a16000000,0x0000008a16100000] [id=6968]
  0x000001d878c7fcd0 GCTaskThread "GC Thread#3" [stack: 0x0000008a16100000,0x0000008a16200000] [id=2364]
  0x000001d878c7ff80 GCTaskThread "GC Thread#4" [stack: 0x0000008a16200000,0x0000008a16300000] [id=9712]
  0x000001d878c80230 GCTaskThread "GC Thread#5" [stack: 0x0000008a16300000,0x0000008a16400000] [id=12824]
  0x000001d8794b2470 GCTaskThread "GC Thread#6" [stack: 0x0000008a16e00000,0x0000008a16f00000] [id=15924]
  0x000001d878d66050 GCTaskThread "GC Thread#7" [stack: 0x0000008a16f00000,0x0000008a17000000] [id=1268]
  0x000001d85d4e5ef0 ConcurrentGCThread "G1 Main Marker" [stack: 0x0000008a14c00000,0x0000008a14d00000] [id=6372]
  0x000001d85d4e7980 ConcurrentGCThread "G1 Conc#0" [stack: 0x0000008a14d00000,0x0000008a14e00000] [id=1232]
  0x000001d87a57d840 ConcurrentGCThread "G1 Conc#1" [stack: 0x0000008a17000000,0x0000008a17100000] [id=10948]
  0x000001d87719d640 ConcurrentGCThread "G1 Refine#0" [stack: 0x0000008a14e00000,0x0000008a14f00000] [id=13928]
  0x000001d87719ed20 ConcurrentGCThread "G1 Service" [stack: 0x0000008a14f00000,0x0000008a15000000] [id=11028]

Threads with active compile tasks:
C2 CompilerThread2     2977 2498   !   4       java.net.URL::<init> (543 bytes)

VM state: not at safepoint (normal execution)

VM Mutex/Monitor currently owned by a thread:  ([mutex/lock_event])
[0x000001d85d473720] CompiledIC_lock - owner thread: 0x000001d877cc5360

Heap address: 0x0000000080000000, size: 2048 MB, Compressed Oops mode: 32-bit

CDS archive(s) not mapped
Compressed class space mapped at: 0x0000000100000000-0x0000000140000000, reserved size: 1073741824
Narrow klass base: 0x0000000000000000, Narrow klass shift: 3, Narrow klass range: 0x140000000

GC Precious Log:
 CPUs: 8 total, 8 available
 Memory: 16262M
 Large Page Support: Disabled
 NUMA Support: Disabled
 Compressed Oops: Enabled (32-bit)
 Heap Region Size: 1M
 Heap Min Capacity: 8M
 Heap Initial Capacity: 256M
 Heap Max Capacity: 2G
 Pre-touch: Disabled
 Parallel Workers: 8
 Concurrent Workers: 2
 Concurrent Refinement Workers: 8
 Periodic GC: Disabled

Heap:
 garbage-first heap   total 68608K, used 45041K [0x0000000080000000, 0x0000000100000000)
  region size 1024K, 21 young (21504K), 1 survivors (1024K)
 Metaspace       used 29166K, committed 29504K, reserved 1081344K
  class space    used 3959K, committed 4160K, reserved 1048576K

Heap Regions: E=young(eden), S=young(survivor), O=old, HS=humongous(starts), HC=humongous(continues), CS=collection set, F=free, OA=open archive, CA=closed archive, TAMS=top-at-mark-start (previous, next)
|   0|0x0000000080000000, 0x0000000080100000, 0x0000000080100000|100%|HS|  |TAMS 0x0000000080100000, 0x0000000080000000| Complete 
|   1|0x0000000080100000, 0x0000000080200000, 0x0000000080200000|100%|HC|  |TAMS 0x0000000080200000, 0x0000000080100000| Complete 
|   2|0x0000000080200000, 0x0000000080300000, 0x0000000080300000|100%|HC|  |TAMS 0x0000000080300000, 0x0000000080200000| Complete 
|   3|0x0000000080300000, 0x0000000080400000, 0x0000000080400000|100%|HC|  |TAMS 0x0000000080400000, 0x0000000080300000| Complete 
|   4|0x0000000080400000, 0x0000000080500000, 0x0000000080500000|100%| O|  |TAMS 0x0000000080500000, 0x0000000080400000| Untracked 
|   5|0x0000000080500000, 0x0000000080600000, 0x0000000080600000|100%| O|  |TAMS 0x0000000080600000, 0x0000000080500000| Untracked 
|   6|0x0000000080600000, 0x0000000080700000, 0x0000000080700000|100%| O|  |TAMS 0x0000000080700000, 0x0000000080600000| Untracked 
|   7|0x0000000080700000, 0x0000000080800000, 0x0000000080800000|100%| O|  |TAMS 0x0000000080800000, 0x0000000080700000| Untracked 
|   8|0x0000000080800000, 0x0000000080900000, 0x0000000080900000|100%| O|  |TAMS 0x0000000080800000, 0x0000000080800000| Untracked 
|   9|0x0000000080900000, 0x0000000080a00000, 0x0000000080a00000|100%| O|  |TAMS 0x0000000080a00000, 0x0000000080900000| Untracked 
|  10|0x0000000080a00000, 0x0000000080b00000, 0x0000000080b00000|100%| O|  |TAMS 0x0000000080b00000, 0x0000000080a00000| Untracked 
|  11|0x0000000080b00000, 0x0000000080b00000, 0x0000000080c00000|  0%| F|  |TAMS 0x0000000080b00000, 0x0000000080b00000| Untracked 
|  12|0x0000000080c00000, 0x0000000080d00000, 0x0000000080d00000|100%| O|  |TAMS 0x0000000080c00000, 0x0000000080c00000| Untracked 
|  13|0x0000000080d00000, 0x0000000080e00000, 0x0000000080e00000|100%| O|  |TAMS 0x0000000080d00000, 0x0000000080d00000| Untracked 
|  14|0x0000000080e00000, 0x0000000080f00000, 0x0000000080f00000|100%| O|  |TAMS 0x0000000080e00000, 0x0000000080e00000| Untracked 
|  15|0x0000000080f00000, 0x0000000081000000, 0x0000000081000000|100%| O|  |TAMS 0x0000000080f00000, 0x0000000080f00000| Untracked 
|  16|0x0000000081000000, 0x0000000081100000, 0x0000000081100000|100%| O|  |TAMS 0x0000000081000000, 0x0000000081000000| Untracked 
|  17|0x0000000081100000, 0x0000000081200000, 0x0000000081200000|100%| O|  |TAMS 0x0000000081100000, 0x0000000081100000| Untracked 
|  18|0x0000000081200000, 0x0000000081300000, 0x0000000081300000|100%| O|  |TAMS 0x0000000081200000, 0x0000000081200000| Untracked 
|  19|0x0000000081300000, 0x0000000081400000, 0x0000000081400000|100%| O|  |TAMS 0x0000000081300000, 0x0000000081300000| Untracked 
|  20|0x0000000081400000, 0x000000008149d400, 0x0000000081500000| 61%| O|  |TAMS 0x0000000081400000, 0x0000000081400000| Untracked 
|  21|0x0000000081500000, 0x0000000081600000, 0x0000000081600000|100%|HS|  |TAMS 0x0000000081500000, 0x0000000081500000| Complete 
|  22|0x0000000081600000, 0x0000000081700000, 0x0000000081700000|100%|HC|  |TAMS 0x0000000081600000, 0x0000000081600000| Complete 
|  23|0x0000000081700000, 0x0000000081800000, 0x0000000081800000|100%|HS|  |TAMS 0x0000000081700000, 0x0000000081700000| Complete 
|  24|0x0000000081800000, 0x0000000081900000, 0x0000000081900000|100%|HC|  |TAMS 0x0000000081800000, 0x0000000081800000| Complete 
|  25|0x0000000081900000, 0x0000000081a00000, 0x0000000081a00000|100%|HC|  |TAMS 0x0000000081900000, 0x0000000081900000| Complete 
|  26|0x0000000081a00000, 0x0000000081a00000, 0x0000000081b00000|  0%| F|  |TAMS 0x0000000081a00000, 0x0000000081a00000| Untracked 
|  27|0x0000000081b00000, 0x0000000081b00000, 0x0000000081c00000|  0%| F|  |TAMS 0x0000000081b00000, 0x0000000081b00000| Untracked 
|  28|0x0000000081c00000, 0x0000000081c00000, 0x0000000081d00000|  0%| F|  |TAMS 0x0000000081c00000, 0x0000000081c00000| Untracked 
|  29|0x0000000081d00000, 0x0000000081d00000, 0x0000000081e00000|  0%| F|  |TAMS 0x0000000081d00000, 0x0000000081d00000| Untracked 
|  30|0x0000000081e00000, 0x0000000081e00000, 0x0000000081f00000|  0%| F|  |TAMS 0x0000000081e00000, 0x0000000081e00000| Untracked 
|  31|0x0000000081f00000, 0x0000000081f00000, 0x0000000082000000|  0%| F|  |TAMS 0x0000000081f00000, 0x0000000081f00000| Untracked 
|  32|0x0000000082000000, 0x0000000082000000, 0x0000000082100000|  0%| F|  |TAMS 0x0000000082000000, 0x0000000082000000| Untracked 
|  33|0x0000000082100000, 0x0000000082100000, 0x0000000082200000|  0%| F|  |TAMS 0x0000000082100000, 0x0000000082100000| Untracked 
|  34|0x0000000082200000, 0x0000000082200000, 0x0000000082300000|  0%| F|  |TAMS 0x0000000082200000, 0x0000000082200000| Untracked 
|  35|0x0000000082300000, 0x0000000082300000, 0x0000000082400000|  0%| F|  |TAMS 0x0000000082300000, 0x0000000082300000| Untracked 
|  36|0x0000000082400000, 0x0000000082400000, 0x0000000082500000|  0%| F|  |TAMS 0x0000000082400000, 0x0000000082400000| Untracked 
|  37|0x0000000082500000, 0x0000000082500000, 0x0000000082600000|  0%| F|  |TAMS 0x0000000082500000, 0x0000000082500000| Untracked 
|  38|0x0000000082600000, 0x0000000082600000, 0x0000000082700000|  0%| F|  |TAMS 0x0000000082600000, 0x0000000082600000| Untracked 
|  39|0x0000000082700000, 0x0000000082700000, 0x0000000082800000|  0%| F|  |TAMS 0x0000000082700000, 0x0000000082700000| Untracked 
|  40|0x0000000082800000, 0x0000000082800000, 0x0000000082900000|  0%| F|  |TAMS 0x0000000082800000, 0x0000000082800000| Untracked 
|  41|0x0000000082900000, 0x0000000082900000, 0x0000000082a00000|  0%| F|  |TAMS 0x0000000082900000, 0x0000000082900000| Untracked 
|  42|0x0000000082a00000, 0x0000000082a00000, 0x0000000082b00000|  0%| F|  |TAMS 0x0000000082a00000, 0x0000000082a00000| Untracked 
|  43|0x0000000082b00000, 0x0000000082b00000, 0x0000000082c00000|  0%| F|  |TAMS 0x0000000082b00000, 0x0000000082b00000| Untracked 
|  44|0x0000000082c00000, 0x0000000082c00000, 0x0000000082d00000|  0%| F|  |TAMS 0x0000000082c00000, 0x0000000082c00000| Untracked 
|  45|0x0000000082d00000, 0x0000000082d00000, 0x0000000082e00000|  0%| F|  |TAMS 0x0000000082d00000, 0x0000000082d00000| Untracked 
|  46|0x0000000082e00000, 0x0000000082e44b78, 0x0000000082f00000| 26%| E|  |TAMS 0x0000000082e00000, 0x0000000082e00000| Complete 
|  47|0x0000000082f00000, 0x0000000083000000, 0x0000000083000000|100%| E|CS|TAMS 0x0000000082f00000, 0x0000000082f00000| Complete 
|  48|0x0000000083000000, 0x0000000083100000, 0x0000000083100000|100%| E|CS|TAMS 0x0000000083000000, 0x0000000083000000| Complete 
|  49|0x0000000083100000, 0x0000000083200000, 0x0000000083200000|100%| E|CS|TAMS 0x0000000083100000, 0x0000000083100000| Complete 
|  50|0x0000000083200000, 0x0000000083300000, 0x0000000083300000|100%| E|CS|TAMS 0x0000000083200000, 0x0000000083200000| Complete 
|  51|0x0000000083300000, 0x0000000083400000, 0x0000000083400000|100%| E|CS|TAMS 0x0000000083300000, 0x0000000083300000| Complete 
|  52|0x0000000083400000, 0x0000000083500000, 0x0000000083500000|100%| E|CS|TAMS 0x0000000083400000, 0x0000000083400000| Complete 
|  53|0x0000000083500000, 0x0000000083600000, 0x0000000083600000|100%| E|CS|TAMS 0x0000000083500000, 0x0000000083500000| Complete 
|  54|0x0000000083600000, 0x0000000083700000, 0x0000000083700000|100%| E|CS|TAMS 0x0000000083600000, 0x0000000083600000| Complete 
|  55|0x0000000083700000, 0x0000000083800000, 0x0000000083800000|100%| E|CS|TAMS 0x0000000083700000, 0x0000000083700000| Complete 
|  56|0x0000000083800000, 0x0000000083900000, 0x0000000083900000|100%| E|CS|TAMS 0x0000000083800000, 0x0000000083800000| Complete 
|  57|0x0000000083900000, 0x0000000083a00000, 0x0000000083a00000|100%| E|CS|TAMS 0x0000000083900000, 0x0000000083900000| Complete 
| 209|0x000000008d100000, 0x000000008d200000, 0x000000008d200000|100%| E|CS|TAMS 0x000000008d100000, 0x000000008d100000| Complete 
| 210|0x000000008d200000, 0x000000008d300000, 0x000000008d300000|100%| E|CS|TAMS 0x000000008d200000, 0x000000008d200000| Complete 
| 211|0x000000008d300000, 0x000000008d400000, 0x000000008d400000|100%| E|CS|TAMS 0x000000008d300000, 0x000000008d300000| Complete 
| 212|0x000000008d400000, 0x000000008d500000, 0x000000008d500000|100%| E|CS|TAMS 0x000000008d400000, 0x000000008d400000| Complete 
| 213|0x000000008d500000, 0x000000008d600000, 0x000000008d600000|100%| E|CS|TAMS 0x000000008d500000, 0x000000008d500000| Complete 
| 214|0x000000008d600000, 0x000000008d700000, 0x000000008d700000|100%| E|CS|TAMS 0x000000008d600000, 0x000000008d600000| Complete 
| 215|0x000000008d700000, 0x000000008d800000, 0x000000008d800000|100%| E|CS|TAMS 0x000000008d700000, 0x000000008d700000| Complete 
| 216|0x000000008d800000, 0x000000008d85f370, 0x000000008d900000| 37%| S|CS|TAMS 0x000000008d800000, 0x000000008d800000| Complete 
| 255|0x000000008ff00000, 0x0000000090000000, 0x0000000090000000|100%| E|CS|TAMS 0x000000008ff00000, 0x000000008ff00000| Complete 

Card table byte_map: [0x000001d870070000,0x000001d870470000] _byte_map_base: 0x000001d86fc70000

Marking Bits (Prev, Next): (CMBitMap*) 0x000001d85d4d5600, (CMBitMap*) 0x000001d85d4d55c0
 Prev Bits: [0x000001d872870000, 0x000001d874870000)
 Next Bits: [0x000001d870870000, 0x000001d872870000)

Polling page: 0x000001d85b3f0000

Metaspace:

Usage:
  Non-class:     24.62 MB used.
      Class:      3.87 MB used.
       Both:     28.48 MB used.

Virtual space:
  Non-class space:       32.00 MB reserved,      24.75 MB ( 77%) committed,  4 nodes.
      Class space:        1.00 GB reserved,       4.06 MB ( <1%) committed,  1 nodes.
             Both:        1.03 GB reserved,      28.81 MB (  3%) committed. 

Chunk freelists:
   Non-Class:  2.94 MB
       Class:  3.87 MB
        Both:  6.82 MB

MaxMetaspaceSize: unlimited
CompressedClassSpaceSize: 1.00 GB
Initial GC threshold: 21.00 MB
Current GC threshold: 35.12 MB
CDS: off
MetaspaceReclaimPolicy: balanced
 - commit_granule_bytes: 65536.
 - commit_granule_words: 8192.
 - virtual_space_node_default_size: 1048576.
 - enlarge_chunks_in_place: 1.
 - new_chunks_are_fully_committed: 0.
 - uncommit_free_chunks: 1.
 - use_allocation_guard: 0.
 - handle_deallocations: 1.


Internal statistics:

num_allocs_failed_limit: 3.
num_arena_births: 280.
num_arena_deaths: 0.
num_vsnodes_births: 5.
num_vsnodes_deaths: 0.
num_space_committed: 461.
num_space_uncommitted: 0.
num_chunks_returned_to_freelist: 3.
num_chunks_taken_from_freelist: 1032.
num_chunk_merges: 3.
num_chunk_splits: 668.
num_chunks_enlarged: 474.
num_purges: 0.
num_inconsistent_stats: 0.

CodeHeap 'non-profiled nmethods': size=120000Kb used=1503Kb max_used=1503Kb free=118497Kb
 bounds [0x000001d868410000, 0x000001d868680000, 0x000001d86f940000]
CodeHeap 'profiled nmethods': size=120000Kb used=5237Kb max_used=5237Kb free=114762Kb
 bounds [0x000001d860940000, 0x000001d860e60000, 0x000001d867e70000]
CodeHeap 'non-nmethods': size=5760Kb used=1223Kb max_used=1312Kb free=4537Kb
 bounds [0x000001d867e70000, 0x000001d8680e0000, 0x000001d868410000]
 total_blobs=3126 nmethods=2594 adapters=444
 compilation: enabled
              stopped_count=0, restarted_count=0
 full_count=0

Compilation events (20 events):
Event: 2.917 Thread 0x000001d877cb03f0 nmethod 2311 0x000001d868579190 code [0x000001d868579760, 0x000001d868581448]
Event: 2.919 Thread 0x000001d877cb03f0 2546       4       sun.security.provider.MD5::FF (33 bytes)
Event: 2.919 Thread 0x000001d877cb03f0 nmethod 2546 0x000001d868585b10 code [0x000001d868585c80, 0x000001d868585cf8]
Event: 2.919 Thread 0x000001d877cb03f0 2570       4       sun.security.provider.MD5::GG (33 bytes)
Event: 2.920 Thread 0x000001d877cb42a0 2593  s    3       java.net.URL::hashCode (30 bytes)
Event: 2.920 Thread 0x000001d877cb03f0 nmethod 2570 0x000001d868585e10 code [0x000001d868585f80, 0x000001d868585ff8]
Event: 2.920 Thread 0x000001d877cb03f0 2571       4       sun.security.provider.MD5::HH (29 bytes)
Event: 2.920 Thread 0x000001d877cb42a0 nmethod 2593 0x000001d860e58610 code [0x000001d860e587c0, 0x000001d860e58ae8]
Event: 2.920 Thread 0x000001d877cb03f0 nmethod 2571 0x000001d868586110 code [0x000001d868586280, 0x000001d8685862f8]
Event: 2.920 Thread 0x000001d877cb03f0 2572       4       sun.security.provider.MD5::II (31 bytes)
Event: 2.921 Thread 0x000001d877cb03f0 nmethod 2572 0x000001d868586410 code [0x000001d868586580, 0x000001d8685865f8]
Event: 2.921 Thread 0x000001d877cb03f0 2565       4       java.io.InputStream::<init> (5 bytes)
Event: 2.921 Thread 0x000001d877cb03f0 nmethod 2565 0x000001d868586710 code [0x000001d868586880, 0x000001d8685868f8]
Event: 2.921 Thread 0x000001d877cb03f0 2558       4       java.util.ArrayList::elementData (7 bytes)
Event: 2.922 Thread 0x000001d877cb03f0 nmethod 2558 0x000001d868586a10 code [0x000001d868586b80, 0x000001d868586c38]
Event: 2.923 Thread 0x000001d877cb03f0 2594       4       java.util.Arrays::fill (21 bytes)
Event: 2.923 Thread 0x000001d877cb42a0 2595       3       java.util.zip.ZipFile$Source::initCEN (591 bytes)
Event: 2.925 Thread 0x000001d877ff7680 nmethod 2552 0x000001d868586d10 code [0x000001d868586ec0, 0x000001d868587588]
Event: 2.926 Thread 0x000001d877cb42a0 nmethod 2595 0x000001d860e58c10 code [0x000001d860e59140, 0x000001d860e5c1f8]
Event: 2.927 Thread 0x000001d877cb03f0 nmethod 2594 0x000001d868587810 code [0x000001d868587980, 0x000001d868587b18]

GC Heap History (10 events):
Event: 0.726 GC heap before
{Heap before GC invocations=0 (full 0):
 garbage-first heap   total 262144K, used 27648K [0x0000000080000000, 0x0000000100000000)
  region size 1024K, 23 young (23552K), 0 survivors (0K)
 Metaspace       used 10259K, committed 10432K, reserved 1064960K
  class space    used 1061K, committed 1152K, reserved 1048576K
}
Event: 0.730 GC heap after
{Heap after GC invocations=1 (full 0):
 garbage-first heap   total 262144K, used 10261K [0x0000000080000000, 0x0000000100000000)
  region size 1024K, 3 young (3072K), 3 survivors (3072K)
 Metaspace       used 10259K, committed 10432K, reserved 1064960K
  class space    used 1061K, committed 1152K, reserved 1048576K
}
Event: 1.151 GC heap before
{Heap before GC invocations=1 (full 0):
 garbage-first heap   total 262144K, used 40981K [0x0000000080000000, 0x0000000100000000)
  region size 1024K, 32 young (32768K), 3 survivors (3072K)
 Metaspace       used 11213K, committed 11456K, reserved 1064960K
  class space    used 1166K, committed 1280K, reserved 1048576K
}
Event: 1.155 GC heap after
{Heap after GC invocations=2 (full 0):
 garbage-first heap   total 262144K, used 14388K [0x0000000080000000, 0x0000000100000000)
  region size 1024K, 4 young (4096K), 4 survivors (4096K)
 Metaspace       used 11213K, committed 11456K, reserved 1064960K
  class space    used 1166K, committed 1280K, reserved 1048576K
}
Event: 2.034 GC heap before
{Heap before GC invocations=2 (full 0):
 garbage-first heap   total 262144K, used 49204K [0x0000000080000000, 0x0000000100000000)
  region size 1024K, 39 young (39936K), 4 survivors (4096K)
 Metaspace       used 21247K, committed 21504K, reserved 1073152K
  class space    used 2567K, committed 2688K, reserved 1048576K
}
Event: 2.039 GC heap after
{Heap after GC invocations=3 (full 0):
 garbage-first heap   total 262144K, used 18190K [0x0000000080000000, 0x0000000100000000)
  region size 1024K, 8 young (8192K), 8 survivors (8192K)
 Metaspace       used 21247K, committed 21504K, reserved 1073152K
  class space    used 2567K, committed 2688K, reserved 1048576K
}
Event: 2.549 GC heap before
{Heap before GC invocations=4 (full 0):
 garbage-first heap   total 68608K, used 50958K [0x0000000080000000, 0x0000000100000000)
  region size 1024K, 40 young (40960K), 8 survivors (8192K)
 Metaspace       used 26112K, committed 26432K, reserved 1073152K
  class space    used 3423K, committed 3584K, reserved 1048576K
}
Event: 2.554 GC heap after
{Heap after GC invocations=5 (full 0):
 garbage-first heap   total 68608K, used 20391K [0x0000000080000000, 0x0000000100000000)
  region size 1024K, 3 young (3072K), 3 survivors (3072K)
 Metaspace       used 26112K, committed 26432K, reserved 1073152K
  class space    used 3423K, committed 3584K, reserved 1048576K
}
Event: 2.570 GC heap before
{Heap before GC invocations=5 (full 0):
 garbage-first heap   total 68608K, used 21415K [0x0000000080000000, 0x0000000100000000)
  region size 1024K, 4 young (4096K), 3 survivors (3072K)
 Metaspace       used 26209K, committed 26496K, reserved 1073152K
  class space    used 3444K, committed 3584K, reserved 1048576K
}
Event: 2.572 GC heap after
{Heap after GC invocations=6 (full 0):
 garbage-first heap   total 68608K, used 20465K [0x0000000080000000, 0x0000000100000000)
  region size 1024K, 1 young (1024K), 1 survivors (1024K)
 Metaspace       used 26209K, committed 26496K, reserved 1073152K
  class space    used 3444K, committed 3584K, reserved 1048576K
}

Dll operation events (2 events):
Event: 0.006 Loaded shared library C:\Users\dev\AppData\Local\JetBrains\Toolbox\apps\AndroidStudio\ch-0\222.4459.24.2221.10121639\jbr\bin\java.dll
Event: 0.384 Loaded shared library C:\Users\dev\AppData\Local\JetBrains\Toolbox\apps\AndroidStudio\ch-0\222.4459.24.2221.10121639\jbr\bin\verify.dll

Deoptimization events (20 events):
Event: 2.912 Thread 0x000001d87a180760 DEOPT PACKING pc=0x000001d8685392c0 sp=0x0000008a16afa950
Event: 2.912 Thread 0x000001d87a180760 DEOPT UNPACKING pc=0x000001d867ec69a3 sp=0x0000008a16afa980 mode 2
Event: 2.912 Thread 0x000001d87a180760 Uncommon trap: trap_request=0xffffffc6 fr.pc=0x000001d8685392c0 relative=0x0000000000004d20
Event: 2.912 Thread 0x000001d87a180760 Uncommon trap: reason=bimorphic_or_optimized_type_check action=maybe_recompile pc=0x000001d8685392c0 method=java.lang.ClassLoader.loadClass(Ljava/lang/String;Z)Ljava/lang/Class; @ 38 c2
Event: 2.912 Thread 0x000001d87a180760 DEOPT PACKING pc=0x000001d8685392c0 sp=0x0000008a16afba90
Event: 2.912 Thread 0x000001d87a180760 DEOPT UNPACKING pc=0x000001d867ec69a3 sp=0x0000008a16afbac0 mode 2
Event: 2.914 Thread 0x000001d87a180760 Uncommon trap: trap_request=0xffffff45 fr.pc=0x000001d8685628ec relative=0x000000000000640c
Event: 2.914 Thread 0x000001d87a180760 Uncommon trap: reason=unstable_if action=reinterpret pc=0x000001d8685628ec method=java.net.URLClassLoader.getAndVerifyPackage(Ljava/lang/String;Ljava/util/jar/Manifest;Ljava/net/URL;)Ljava/lang/Package; @ 62 c2
Event: 2.914 Thread 0x000001d87a180760 DEOPT PACKING pc=0x000001d8685628ec sp=0x0000008a16afbd80
Event: 2.914 Thread 0x000001d87a180760 DEOPT UNPACKING pc=0x000001d867ec69a3 sp=0x0000008a16afbb08 mode 2
Event: 2.916 Thread 0x000001d87a180760 Uncommon trap: trap_request=0xffffff45 fr.pc=0x000001d868552cdc relative=0x0000000000005e7c
Event: 2.916 Thread 0x000001d87a180760 Uncommon trap: reason=unstable_if action=reinterpret pc=0x000001d868552cdc method=java.net.URLClassLoader.getAndVerifyPackage(Ljava/lang/String;Ljava/util/jar/Manifest;Ljava/net/URL;)Ljava/lang/Package; @ 62 c2
Event: 2.916 Thread 0x000001d87a180760 DEOPT PACKING pc=0x000001d868552cdc sp=0x0000008a16afb670
Event: 2.916 Thread 0x000001d87a180760 DEOPT UNPACKING pc=0x000001d867ec69a3 sp=0x0000008a16afb530 mode 2
Event: 2.923 Thread 0x000001d87a180760 DEOPT PACKING pc=0x000001d8609f60bd sp=0x0000008a16afb100
Event: 2.923 Thread 0x000001d87a180760 DEOPT UNPACKING pc=0x000001d867ec7143 sp=0x0000008a16afa598 mode 0
Event: 2.927 Thread 0x000001d87a180760 Uncommon trap: trap_request=0xffffff45 fr.pc=0x000001d86857f768 relative=0x0000000000006008
Event: 2.927 Thread 0x000001d87a180760 Uncommon trap: reason=unstable_if action=reinterpret pc=0x000001d86857f768 method=java.net.URLClassLoader.getAndVerifyPackage(Ljava/lang/String;Ljava/util/jar/Manifest;Ljava/net/URL;)Ljava/lang/Package; @ 62 c2
Event: 2.927 Thread 0x000001d87a180760 DEOPT PACKING pc=0x000001d86857f768 sp=0x0000008a16afa0f0
Event: 2.927 Thread 0x000001d87a180760 DEOPT UNPACKING pc=0x000001d867ec69a3 sp=0x0000008a16afa018 mode 2

Classes unloaded (0 events):
No events

Classes redefined (0 events):
No events

Internal exceptions (20 events):
Event: 2.491 Thread 0x000001d87a180760 Exception <a 'java/lang/NoSuchMethodError'{0x0000000081ee2bc8}: 'void java.lang.invoke.DirectMethodHandle$Holder.invokeStatic(java.lang.Object, java.lang.Object)'> (0x0000000081ee2bc8) 
thrown [s\src\hotspot\share\interpreter\linkResolver.cpp, line 771]
Event: 2.497 Thread 0x000001d87a180760 Exception <a 'java/lang/NoSuchMethodError'{0x0000000081d43568}: 'java.lang.Object java.lang.invoke.DirectMethodHandle$Holder.invokeVirtual(java.lang.Object, java.lang.Object, java.lang.Object, java.lang.Object)'> (0x0000000081d43568) 
thrown [s\src\hotspot\share\interpreter\linkResolver.cpp, line 771]
Event: 2.530 Thread 0x000001d87a180760 Exception <a 'java/lang/NoSuchMethodError'{0x0000000081ce25a0}: 'java.lang.Object java.lang.invoke.DirectMethodHandle$Holder.newInvokeSpecial(java.lang.Object, java.lang.Object, java.lang.Object, java.lang.Object, java.lang.Object, java.lang.Object, java.lang.Object)'> (0x0000000081ce25a0) 
thrown [s\src\hotspot\share\interpreter\linkResolver.cpp, line 771]
Event: 2.530 Thread 0x000001d87a180760 Exception <a 'java/lang/NoSuchMethodError'{0x0000000081ce7270}: 'java.lang.Object java.lang.invoke.Invokers$Holder.linkToTargetMethod(java.lang.Object, java.lang.Object, java.lang.Object, java.lang.Object, java.lang.Object, java.lang.Object, java.lang.Object)'> (0x0000000081ce7270) 
thrown [s\src\hotspot\share\interpreter\linkResolver.cpp, line 771]
Event: 2.559 Thread 0x000001d87a180760 Exception <a 'java/lang/NoSuchMethodError'{0x000000008ff3e608}: 'java.lang.Object java.lang.invoke.DirectMethodHandle$Holder.invokeVirtual(java.lang.Object, java.lang.Object, java.lang.Object, java.lang.Object, java.lang.Object, java.lang.Object, java.lang.Object, java.lang.Object, java.lang.Object, java.lang.Object, java.lang.Object, java.lang.Object, java.lang.Object, java.lang.Object, java.lang.Object, java.lang.Object, java.lang.Object, java.lang.Object, java.lang.Object, java.lang.Object, java.lang.Ob
Event: 2.692 Thread 0x000001d87a180760 Exception <a 'java/lang/NoSuchMethodError'{0x000000008d1a2ea8}: 'void java.lang.invoke.DirectMethodHandle$Holder.invokeStaticInit(java.lang.Object, java.lang.Object)'> (0x000000008d1a2ea8) 
thrown [s\src\hotspot\share\interpreter\linkResolver.cpp, line 771]
Event: 2.721 Thread 0x000001d87a180760 Exception <a 'java/lang/NoSuchMethodError'{0x00000000839c7840}: 'java.lang.Object java.lang.invoke.DirectMethodHandle$Holder.invokeStaticInit(java.lang.Object, java.lang.Object, java.lang.Object)'> (0x00000000839c7840) 
thrown [s\src\hotspot\share\interpreter\linkResolver.cpp, line 771]
Event: 2.722 Thread 0x000001d87a180760 Exception <a 'java/lang/NoSuchMethodError'{0x00000000839d1930}: 'void java.lang.invoke.DirectMethodHandle$Holder.invokeStatic(java.lang.Object, java.lang.Object, java.lang.Object, java.lang.Object, java.lang.Object, java.lang.Object)'> (0x00000000839d1930) 
thrown [s\src\hotspot\share\interpreter\linkResolver.cpp, line 771]
Event: 2.801 Thread 0x000001d87a180760 Exception <a 'java/lang/NoSuchMethodError'{0x0000000083576940}: 'void java.lang.invoke.DirectMethodHandle$Holder.invokeStatic(java.lang.Object, java.lang.Object, java.lang.Object, java.lang.Object)'> (0x0000000083576940) 
thrown [s\src\hotspot\share\interpreter\linkResolver.cpp, line 771]
Event: 2.803 Thread 0x000001d87a180760 Exception <a 'java/lang/NoSuchMethodError'{0x0000000083589d20}: 'int java.lang.invoke.DirectMethodHandle$Holder.invokeVirtual(java.lang.Object, java.lang.Object)'> (0x0000000083589d20) 
thrown [s\src\hotspot\share\interpreter\linkResolver.cpp, line 771]
Event: 2.806 Thread 0x000001d87a180760 Exception <a 'java/lang/NoSuchMethodError'{0x00000000835beaa0}: 'int java.lang.invoke.DirectMethodHandle$Holder.invokeVirtual(java.lang.Object, java.lang.Object, java.lang.Object)'> (0x00000000835beaa0) 
thrown [s\src\hotspot\share\interpreter\linkResolver.cpp, line 771]
Event: 2.836 Thread 0x000001d87a180760 Exception <a 'java/lang/NoSuchMethodError'{0x0000000083350a70}: 'int java.lang.invoke.DirectMethodHandle$Holder.invokeStaticInit(java.lang.Object, java.lang.Object, java.lang.Object)'> (0x0000000083350a70) 
thrown [s\src\hotspot\share\interpreter\linkResolver.cpp, line 771]
Event: 2.838 Thread 0x000001d87a180760 Exception <a 'java/lang/NoSuchMethodError'{0x0000000083365430}: 'java.lang.Object java.lang.invoke.DirectMethodHandle$Holder.newInvokeSpecial(java.lang.Object, java.lang.Object, long)'> (0x0000000083365430) 
thrown [s\src\hotspot\share\interpreter\linkResolver.cpp, line 771]
Event: 2.838 Thread 0x000001d87a180760 Exception <a 'java/lang/NoSuchMethodError'{0x0000000083369798}: 'java.lang.Object java.lang.invoke.Invokers$Holder.linkToTargetMethod(java.lang.Object, long, java.lang.Object)'> (0x0000000083369798) 
thrown [s\src\hotspot\share\interpreter\linkResolver.cpp, line 771]
Event: 2.867 Thread 0x000001d87a180760 Exception <a 'java/lang/NoSuchMethodError'{0x00000000832a34b0}: 'int java.lang.invoke.DirectMethodHandle$Holder.invokeInterface(java.lang.Object, java.lang.Object)'> (0x00000000832a34b0) 
thrown [s\src\hotspot\share\interpreter\linkResolver.cpp, line 771]
Event: 2.870 Thread 0x000001d87a180760 Exception <a 'java/lang/NoSuchMethodError'{0x00000000832d1648}: 'java.lang.Object java.lang.invoke.DirectMethodHandle$Holder.invokeStatic(java.lang.Object, java.lang.Object, int, java.lang.Object)'> (0x00000000832d1648) 
thrown [s\src\hotspot\share\interpreter\linkResolver.cpp, line 771]
Event: 2.871 Thread 0x000001d87a180760 Exception <a 'java/lang/NoSuchMethodError'{0x00000000832d8cb0}: 'java.lang.Object java.lang.invoke.DirectMethodHandle$Holder.newInvokeSpecial(java.lang.Object, java.lang.Object, int, java.lang.Object)'> (0x00000000832d8cb0) 
thrown [s\src\hotspot\share\interpreter\linkResolver.cpp, line 771]
Event: 2.871 Thread 0x000001d87a180760 Exception <a 'java/lang/NoSuchMethodError'{0x00000000832dd048}: 'java.lang.Object java.lang.invoke.DirectMethodHandle$Holder.invokeSpecial(java.lang.Object, java.lang.Object, java.lang.Object, int, java.lang.Object)'> (0x00000000832dd048) 
thrown [s\src\hotspot\share\interpreter\linkResolver.cpp, line 771]
Event: 2.913 Thread 0x000001d87a180760 Exception <a 'java/lang/NoSuchMethodError'{0x0000000082fb1a80}: static Lorg/gradle/tooling/internal/consumer/connection/InternalPhasedActionAdapter;.<clinit>()V> (0x0000000082fb1a80) 
thrown [s\src\hotspot\share\prims\jni.cpp, line 1108]
Event: 2.919 Thread 0x000001d87a180760 Exception <a 'java/lang/NoSuchMethodError'{0x0000000082fdbe20}: static Lorg/gradle/tooling/internal/consumer/connection/InternalBuildActionAdapter;.<clinit>()V> (0x0000000082fdbe20) 
thrown [s\src\hotspot\share\prims\jni.cpp, line 1108]

VM Operations (20 events):
Event: 1.783 Executing VM operation: HandshakeAllThreads
Event: 1.783 Executing VM operation: HandshakeAllThreads done
Event: 2.034 Executing VM operation: CollectForMetadataAllocation
Event: 2.039 Executing VM operation: CollectForMetadataAllocation done
Event: 2.043 Executing VM operation: G1Concurrent
Event: 2.045 Executing VM operation: G1Concurrent done
Event: 2.048 Executing VM operation: G1Concurrent
Event: 2.048 Executing VM operation: G1Concurrent done
Event: 2.228 Executing VM operation: HandshakeAllThreads
Event: 2.228 Executing VM operation: HandshakeAllThreads done
Event: 2.228 Executing VM operation: HandshakeAllThreads
Event: 2.228 Executing VM operation: HandshakeAllThreads done
Event: 2.549 Executing VM operation: G1CollectForAllocation
Event: 2.555 Executing VM operation: G1CollectForAllocation done
Event: 2.570 Executing VM operation: G1CollectForAllocation
Event: 2.572 Executing VM operation: G1CollectForAllocation done
Event: 2.853 Executing VM operation: HandshakeAllThreads
Event: 2.853 Executing VM operation: HandshakeAllThreads done
Event: 2.927 Executing VM operation: HandshakeAllThreads
Event: 2.927 Executing VM operation: HandshakeAllThreads done

Events (20 events):
Event: 2.796 loading class java/util/concurrent/locks/AbstractQueuedSynchronizer$SharedNode done
Event: 2.800 loading class java/io/InterruptedIOException
Event: 2.800 loading class java/io/InterruptedIOException done
Event: 2.802 Thread 0x000001d8796df940 Thread added: 0x000001d8796df940
Event: 2.805 loading class java/util/ArrayDeque$DeqSpliterator
Event: 2.805 loading class java/util/ArrayDeque$DeqSpliterator done
Event: 2.824 loading class java/nio/charset/CharacterCodingException
Event: 2.824 loading class java/nio/charset/CharacterCodingException done
Event: 2.824 loading class java/lang/Short$ShortCache
Event: 2.825 loading class java/lang/Short$ShortCache done
Event: 2.894 Thread 0x000001d8796e1620 Thread added: 0x000001d8796e1620
Event: 2.894 Thread 0x000001d8796e1150 Thread added: 0x000001d8796e1150
Event: 2.894 Thread 0x000001d8796de600 Thread added: 0x000001d8796de600
Event: 2.894 loading class sun/nio/fs/WindowsPath$1
Event: 2.894 Thread 0x000001d8796dead0 Thread added: 0x000001d8796dead0
Event: 2.894 loading class sun/nio/fs/WindowsPath$1 done
Event: 2.894 Thread 0x000001d8796defa0 Thread added: 0x000001d8796defa0
Event: 2.894 Thread 0x000001d87d546de0 Thread added: 0x000001d87d546de0
Event: 2.895 Thread 0x000001d87d54b140 Thread added: 0x000001d87d54b140
Event: 2.895 Thread 0x000001d87d54c950 Thread added: 0x000001d87d54c950


Dynamic libraries:
0x00007ff6e8d70000 - 0x00007ff6e8d7a000 	C:\Users\dev\AppData\Local\JetBrains\Toolbox\apps\AndroidStudio\ch-0\222.4459.24.2221.10121639\jbr\bin\java.exe
0x00007ffb395d0000 - 0x00007ffb397e4000 	C:\WINDOWS\SYSTEM32\ntdll.dll
0x00007ffb37c30000 - 0x00007ffb37cf2000 	C:\WINDOWS\System32\KERNEL32.DLL
0x00007ffb36d90000 - 0x00007ffb37133000 	C:\WINDOWS\System32\KERNELBASE.dll
0x00007ffb37140000 - 0x00007ffb37251000 	C:\WINDOWS\System32\ucrtbase.dll
0x00007ffb1fe30000 - 0x00007ffb1fe4b000 	C:\Users\dev\AppData\Local\JetBrains\Toolbox\apps\AndroidStudio\ch-0\222.4459.24.2221.10121639\jbr\bin\VCRUNTIME140.dll
0x00007ffb186f0000 - 0x00007ffb18707000 	C:\Users\dev\AppData\Local\JetBrains\Toolbox\apps\AndroidStudio\ch-0\222.4459.24.2221.10121639\jbr\bin\jli.dll
0x00007ffb375c0000 - 0x00007ffb3776a000 	C:\WINDOWS\System32\USER32.dll
0x00007ffb1b3d0000 - 0x00007ffb1b65e000 	C:\WINDOWS\WinSxS\amd64_microsoft.windows.common-controls_6595b64144ccf1df_6.0.22621.1635_none_270f70857386168e\COMCTL32.dll
0x00007ffb37260000 - 0x00007ffb37286000 	C:\WINDOWS\System32\win32u.dll
0x00007ffb387a0000 - 0x00007ffb38847000 	C:\WINDOWS\System32\msvcrt.dll
0x00007ffb37ea0000 - 0x00007ffb37ec9000 	C:\WINDOWS\System32\GDI32.dll
0x00007ffb37290000 - 0x00007ffb373a9000 	C:\WINDOWS\System32\gdi32full.dll
0x00007ffb369d0000 - 0x00007ffb36a6a000 	C:\WINDOWS\System32\msvcp_win.dll
0x00007ffb37b60000 - 0x00007ffb37b91000 	C:\WINDOWS\System32\IMM32.DLL
0x00007ffb2a2c0000 - 0x00007ffb2a2cc000 	C:\Users\dev\AppData\Local\JetBrains\Toolbox\apps\AndroidStudio\ch-0\222.4459.24.2221.10121639\jbr\bin\vcruntime140_1.dll
0x00007ffad3b00000 - 0x00007ffad3b8d000 	C:\Users\dev\AppData\Local\JetBrains\Toolbox\apps\AndroidStudio\ch-0\222.4459.24.2221.10121639\jbr\bin\msvcp140.dll
0x00007ffaad980000 - 0x00007ffaae5ed000 	C:\Users\dev\AppData\Local\JetBrains\Toolbox\apps\AndroidStudio\ch-0\222.4459.24.2221.10121639\jbr\bin\server\jvm.dll
0x00007ffb394d0000 - 0x00007ffb3957e000 	C:\WINDOWS\System32\ADVAPI32.dll
0x00007ffb38ec0000 - 0x00007ffb38f64000 	C:\WINDOWS\System32\sechost.dll
0x00007ffb37a40000 - 0x00007ffb37b57000 	C:\WINDOWS\System32\RPCRT4.dll
0x00007ffb1ed20000 - 0x00007ffb1ed29000 	C:\WINDOWS\SYSTEM32\WSOCK32.dll
0x00007ffb2efa0000 - 0x00007ffb2efd4000 	C:\WINDOWS\SYSTEM32\WINMM.dll
0x00007ffb294c0000 - 0x00007ffb294ca000 	C:\WINDOWS\SYSTEM32\VERSION.dll
0x00007ffb374b0000 - 0x00007ffb37521000 	C:\WINDOWS\System32\WS2_32.dll
0x00007ffb35a10000 - 0x00007ffb35a28000 	C:\WINDOWS\SYSTEM32\kernel.appcore.dll
0x00007ffb2fe40000 - 0x00007ffb2fe4a000 	C:\Users\dev\AppData\Local\JetBrains\Toolbox\apps\AndroidStudio\ch-0\222.4459.24.2221.10121639\jbr\bin\jimage.dll
0x00007ffb33b50000 - 0x00007ffb33d7e000 	C:\WINDOWS\SYSTEM32\DBGHELP.DLL
0x00007ffb38b30000 - 0x00007ffb38eb9000 	C:\WINDOWS\System32\combase.dll
0x00007ffb393f0000 - 0x00007ffb394c7000 	C:\WINDOWS\System32\OLEAUT32.dll
0x00007ffb1a9a0000 - 0x00007ffb1a9d2000 	C:\WINDOWS\SYSTEM32\dbgcore.DLL
0x00007ffb36be0000 - 0x00007ffb36c5a000 	C:\WINDOWS\System32\bcryptPrimitives.dll
0x00007ffb1b830000 - 0x00007ffb1b855000 	C:\Users\dev\AppData\Local\JetBrains\Toolbox\apps\AndroidStudio\ch-0\222.4459.24.2221.10121639\jbr\bin\java.dll
0x00007ffb10720000 - 0x00007ffb10738000 	C:\Users\dev\AppData\Local\JetBrains\Toolbox\apps\AndroidStudio\ch-0\222.4459.24.2221.10121639\jbr\bin\zip.dll
0x00007ffb37ed0000 - 0x00007ffb386c9000 	C:\WINDOWS\System32\SHELL32.dll
0x00007ffb349c0000 - 0x00007ffb3528e000 	C:\WINDOWS\SYSTEM32\windows.storage.dll
0x00007ffb34880000 - 0x00007ffb349be000 	C:\WINDOWS\SYSTEM32\wintypes.dll
0x00007ffb37d30000 - 0x00007ffb37e21000 	C:\WINDOWS\System32\SHCORE.dll
0x00007ffb37990000 - 0x00007ffb379ee000 	C:\WINDOWS\System32\shlwapi.dll
0x00007ffb36900000 - 0x00007ffb36926000 	C:\WINDOWS\SYSTEM32\profapi.dll
0x00007ffb10700000 - 0x00007ffb10719000 	C:\Users\dev\AppData\Local\JetBrains\Toolbox\apps\AndroidStudio\ch-0\222.4459.24.2221.10121639\jbr\bin\net.dll
0x00007ffb2f790000 - 0x00007ffb2f8c7000 	C:\WINDOWS\SYSTEM32\WINHTTP.dll
0x00007ffb35e90000 - 0x00007ffb35ef9000 	C:\WINDOWS\system32\mswsock.dll
0x00007ffb106e0000 - 0x00007ffb106f6000 	C:\Users\dev\AppData\Local\JetBrains\Toolbox\apps\AndroidStudio\ch-0\222.4459.24.2221.10121639\jbr\bin\nio.dll
0x00007ffb2bc80000 - 0x00007ffb2bc90000 	C:\Users\dev\AppData\Local\JetBrains\Toolbox\apps\AndroidStudio\ch-0\222.4459.24.2221.10121639\jbr\bin\verify.dll
0x00007ffb188c0000 - 0x00007ffb188e7000 	C:\Users\dev\.gradle\native\68d5fa5c4cc2d200863cafc0d521ce42e7d3e7ee720ec0a83991735586a16f82\windows-amd64\native-platform.dll
0x00007ffac2df0000 - 0x00007ffac2f34000 	C:\Users\dev\.gradle\native\e376f236ea51e6404a007f0833ffe2c6e607c4080706a723a18a27aeea778392\windows-amd64\native-platform-file-events.dll
0x00007ffb2fe30000 - 0x00007ffb2fe39000 	C:\Users\dev\AppData\Local\JetBrains\Toolbox\apps\AndroidStudio\ch-0\222.4459.24.2221.10121639\jbr\bin\management.dll
0x00007ffb2f260000 - 0x00007ffb2f26b000 	C:\Users\dev\AppData\Local\JetBrains\Toolbox\apps\AndroidStudio\ch-0\222.4459.24.2221.10121639\jbr\bin\management_ext.dll
0x00007ffb38850000 - 0x00007ffb38858000 	C:\WINDOWS\System32\PSAPI.DLL
0x00007ffb360f0000 - 0x00007ffb3610b000 	C:\WINDOWS\SYSTEM32\CRYPTSP.dll
0x00007ffb35980000 - 0x00007ffb359b5000 	C:\WINDOWS\system32\rsaenh.dll
0x00007ffb35f90000 - 0x00007ffb35fbc000 	C:\WINDOWS\SYSTEM32\USERENV.dll
0x00007ffb362b0000 - 0x00007ffb362d8000 	C:\WINDOWS\SYSTEM32\bcrypt.dll
0x00007ffb36110000 - 0x00007ffb3611c000 	C:\WINDOWS\SYSTEM32\CRYPTBASE.dll
0x00007ffb354f0000 - 0x00007ffb3551d000 	C:\WINDOWS\SYSTEM32\IPHLPAPI.DLL
0x00007ffb37d20000 - 0x00007ffb37d29000 	C:\WINDOWS\System32\NSI.dll
0x00007ffb2f6b0000 - 0x00007ffb2f6c9000 	C:\WINDOWS\SYSTEM32\dhcpcsvc6.DLL
0x00007ffb2f4c0000 - 0x00007ffb2f4df000 	C:\WINDOWS\SYSTEM32\dhcpcsvc.DLL
0x00007ffb35560000 - 0x00007ffb35653000 	C:\WINDOWS\SYSTEM32\DNSAPI.dll
0x00007ffb2fe90000 - 0x00007ffb2fe98000 	C:\WINDOWS\system32\wshunix.dll

dbghelp: loaded successfully - version: 4.0.5 - missing functions: none
symbol engine: initialized successfully - sym options: 0x614 - pdb path: .;C:\Users\dev\AppData\Local\JetBrains\Toolbox\apps\AndroidStudio\ch-0\222.4459.24.2221.10121639\jbr\bin;C:\WINDOWS\SYSTEM32;C:\WINDOWS\WinSxS\amd64_microsoft.windows.common-controls_6595b64144ccf1df_6.0.22621.1635_none_270f70857386168e;C:\Users\dev\AppData\Local\JetBrains\Toolbox\apps\AndroidStudio\ch-0\222.4459.24.2221.10121639\jbr\bin\server;C:\Users\dev\.gradle\native\68d5fa5c4cc2d200863cafc0d521ce42e7d3e7ee720ec0a83991735586a16f82\windows-amd64;C:\Users\dev\.gradle\native\e376f236ea51e6404a007f0833ffe2c6e607c4080706a723a18a27aeea778392\windows-amd64

VM Arguments:
jvm_args: --add-opens=java.base/java.util=ALL-UNNAMED --add-opens=java.base/java.lang=ALL-UNNAMED --add-opens=java.base/java.lang.invoke=ALL-UNNAMED --add-opens=java.prefs/java.util.prefs=ALL-UNNAMED --add-opens=java.base/java.nio.charset=ALL-UNNAMED --add-opens=java.base/java.net=ALL-UNNAMED --add-opens=java.base/java.util.concurrent.atomic=ALL-UNNAMED -Xmx2048m -Dfile.encoding=UTF-8 -Duser.country=IN -Duser.language=en -Duser.variant 
java_command: org.gradle.launcher.daemon.bootstrap.GradleDaemon 8.0
java_class_path (initial): C:\Users\dev\.gradle\wrapper\dists\gradle-8.0-bin\ca5e32bp14vu59qr306oxotwh\gradle-8.0\lib\gradle-launcher-8.0.jar
Launcher Type: SUN_STANDARD

[Global flags]
     intx CICompilerCount                          = 4                                         {product} {ergonomic}
     uint ConcGCThreads                            = 2                                         {product} {ergonomic}
     uint G1ConcRefinementThreads                  = 8                                         {product} {ergonomic}
   size_t G1HeapRegionSize                         = 1048576                                   {product} {ergonomic}
    uintx GCDrainStackTargetSize                   = 64                                        {product} {ergonomic}
   size_t InitialHeapSize                          = 268435456                                 {product} {ergonomic}
   size_t MarkStackSize                            = 4194304                                   {product} {ergonomic}
   size_t MaxHeapSize                              = 2147483648                                {product} {command line}
   size_t MaxNewSize                               = 1287651328                                {product} {ergonomic}
   size_t MinHeapDeltaBytes                        = 1048576                                   {product} {ergonomic}
   size_t MinHeapSize                              = 8388608                                   {product} {ergonomic}
    uintx NonNMethodCodeHeapSize                   = 5839372                                {pd product} {ergonomic}
    uintx NonProfiledCodeHeapSize                  = 122909434                              {pd product} {ergonomic}
    uintx ProfiledCodeHeapSize                     = 122909434                              {pd product} {ergonomic}
    uintx ReservedCodeCacheSize                    = 251658240                              {pd product} {ergonomic}
     bool SegmentedCodeCache                       = true                                      {product} {ergonomic}
   size_t SoftMaxHeapSize                          = 2147483648                             {manageable} {ergonomic}
     bool UseCompressedClassPointers               = true                           {product lp64_product} {ergonomic}
     bool UseCompressedOops                        = true                           {product lp64_product} {ergonomic}
     bool UseG1GC                                  = true                                      {product} {ergonomic}
     bool UseLargePagesIndividualAllocation        = false                                  {pd product} {ergonomic}

Logging:
Log output configuration:
 #0: stdout all=warning uptime,level,tags
 #1: stderr all=off uptime,level,tags

Environment Variables:
PATH=C:\Program Files (x86)\Common Files\Intel\Shared Libraries\redist\intel64\compiler;C:\WINDOWS\system32;C:\WINDOWS;C:\WINDOWS\System32\Wbem;C:\WINDOWS\System32\WindowsPowerShell\v1.0\;C:\WINDOWS\System32\OpenSSH\;C:\Program Files\Git\cmd;C:\src\flutter;C:\src\flutter\bin;C:\Program Files\dotnet\;C:\Program Files (x86)\Intel\Intel(R) Management Engine Components\DAL;C:\Program Files\Intel\Intel(R) Management Engine Components\DAL;C:\Users\dev\AppData\Local\Microsoft\WindowsApps;C:\Users\dev\AppData\Local\JetBrains\Toolbox\scripts;;C:\Users\dev\AppData\Local\Programs\Microsoft VS Code\bin;C:\Users\dev\AppData\Local\Microsoft\WindowsApps
USERNAME=dev
OS=Windows_NT
PROCESSOR_IDENTIFIER=Intel64 Family 6 Model 142 Stepping 10, GenuineIntel
TMP=C:\Users\dev\AppData\Local\Temp
TEMP=C:\Users\dev\AppData\Local\Temp



---------------  S Y S T E M  ---------------

OS:
 Windows 11 , 64 bit Build 22621 (10.0.22621.1928)
OS uptime: 0 days 18:56 hours

CPU: total 8 (initial active 8) (4 cores per cpu, 2 threads per core) family 6 model 142 stepping 10 microcode 0xf0, cx8, cmov, fxsr, ht, mmx, 3dnowpref, sse, sse2, sse3, ssse3, sse4.1, sse4.2, popcnt, lzcnt, tsc, tscinvbit, avx, avx2, aes, erms, clmul, bmi1, bmi2, rtm, adx, fma, vzeroupper, clflush, clflushopt

Memory: 4k page, system-wide physical 16262M (7444M free)
TotalPageFile size 18694M (AvailPageFile size 9412M)
current process WorkingSet (physical memory assigned to process): 198M, peak: 200M
current process commit charge ("private bytes"): 240M, peak: 397M

vm_info: OpenJDK 64-Bit Server VM (17.0.6+0-b2043.56-9586694) for windows-amd64 JRE (17.0.6+0-b2043.56-9586694), built on Feb  9 2023 20:06:20 by "androidbuild" with MS VC++ 16.10 / 16.11 (VS2019)

END.
